                                 Started job on |	Aug 11 16:31:56
                             Started mapping on |	Aug 11 16:32:20
                                    Finished on |	Aug 11 16:32:27
       Mapping speed, Million of reads per hour |	2.54

                          Number of input reads |	4947
                      Average input read length |	255
                                    UNIQUE READS:
                   Uniquely mapped reads number |	3425
                        Uniquely mapped reads % |	69.23%
                          Average mapped length |	259.70
                       Number of splices: Total |	835
            Number of splices: Annotated (sjdb) |	767
                       Number of splices: GT/AG |	800
                       Number of splices: GC/AG |	3
                       Number of splices: AT/AC |	0
               Number of splices: Non-canonical |	32
                      Mismatch rate per base, % |	0.68%
                         Deletion rate per base |	0.02%
                        Deletion average length |	1.82
                        Insertion rate per base |	0.02%
                       Insertion average length |	1.82
                             MULTI-MAPPING READS:
        Number of reads mapped to multiple loci |	0
             % of reads mapped to multiple loci |	0.00%
        Number of reads mapped to too many loci |	622
             % of reads mapped to too many loci |	12.57%
                                  UNMAPPED READS:
  Number of reads unmapped: too many mismatches |	0
       % of reads unmapped: too many mismatches |	0.00%
            Number of reads unmapped: too short |	859
                 % of reads unmapped: too short |	17.36%
                Number of reads unmapped: other |	41
                     % of reads unmapped: other |	0.83%
                                  CHIMERIC READS:
                       Number of chimeric reads |	0
                            % of chimeric reads |	0.00%
